/github/workspace/conf/runner.yaml:1:1: [warning] missing document start "---" (document-start)
/github/workspace/conf/runner.yaml:5:9: [error] wrong indentation: expected 10 but found 8 (indentation)
/github/workspace/conf/runner.yaml:241:9: [error] wrong indentation: expected 10 but found 8 (indentation)
/github/workspace/conf/runner.yaml:242:13: [error] wrong indentation: expected 14 but found 12 (indentation)
/github/workspace/conf/runner.yaml:251:81: [error] line too long (81 > 80 characters) (line-length)
/github/workspace/conf/runner.yaml:253:10: [warning] missing starting space in comment (comments)
/github/workspace/conf/runner.yaml:254:9: [error] wrong indentation: expected 10 but found 8 (indentation)
/github/workspace/conf/runner.yaml:315:9: [error] wrong indentation: expected 10 but found 8 (indentation)
/github/workspace/conf/runner.yaml:316:13: [error] wrong indentation: expected 14 but found 12 (indentation)
/github/workspace/conf/runner.yaml:327:9: [error] wrong indentation: expected 10 but found 8 (indentation)
/github/workspace/conf/runner.yaml:329:9: [error] wrong indentation: expected 10 but found 8 (indentation)
/github/workspace/conf/runner.yaml:330:13: [error] wrong indentation: expected 14 but found 12 (indentation)
/github/workspace/conf/runner.yaml:331:49: [warning] too few spaces before comment (comments)
/github/workspace/conf/runner.yaml:331:81: [error] line too long (113 > 80 characters) (line-length)
/github/workspace/conf/runner.yaml:333:13: [error] wrong indentation: expected 14 but found 12 (indentation)
/github/workspace/conf/runner.yaml:334:81: [error] line too long (113 > 80 characters) (line-length)
/github/workspace/conf/runner.yaml:343:9: [error] wrong indentation: expected 10 but found 8 (indentation)
/github/workspace/conf/runner.yaml:345:9: [error] wrong indentation: expected 10 but found 8 (indentation)
/github/workspace/conf/runner.yaml:346:13: [error] wrong indentation: expected 14 but found 12 (indentation)
/github/workspace/conf/runner.yaml:356:9: [error] wrong indentation: expected 10 but found 8 (indentation)
/github/workspace/conf/runner.yaml:369:9: [error] wrong indentation: expected 10 but found 8 (indentation)
/github/workspace/conf/runner.yaml:370:13: [error] wrong indentation: expected 14 but found 12 (indentation)
/github/workspace/conf/runner.yaml:380:9: [error] wrong indentation: expected 10 but found 8 (indentation)
/github/workspace/conf/runner.yaml:383:9: [error] wrong indentation: expected 10 but found 8 (indentation)
/github/workspace/conf/runner.yaml:384:13: [error] wrong indentation: expected 14 but found 12 (indentation)
/github/workspace/conf/runner.yaml:394:9: [error] wrong indentation: expected 10 but found 8 (indentation)
/github/workspace/conf/runner.yaml:396:9: [error] wrong indentation: expected 10 but found 8 (indentation)
/github/workspace/conf/runner.yaml:397:13: [error] wrong indentation: expected 14 but found 12 (indentation)
/github/workspace/conf/runner.yaml:407:9: [error] wrong indentation: expected 10 but found 8 (indentation)
/github/workspace/conf/runner.yaml:409:9: [error] wrong indentation: expected 10 but found 8 (indentation)
/github/workspace/conf/runner.yaml:410:13: [error] wrong indentation: expected 14 but found 12 (indentation)
/github/workspace/conf/runner.yaml:420:9: [error] wrong indentation: expected 10 but found 8 (indentation)
/github/workspace/conf/runner.yaml:430:9: [error] wrong indentation: expected 10 but found 8 (indentation)
/github/workspace/conf/runner.yaml:431:13: [error] wrong indentation: expected 14 but found 12 (indentation)
/github/workspace/conf/runner.yaml:441:9: [error] wrong indentation: expected 10 but found 8 (indentation)
/github/workspace/conf/runner.yaml:445:9: [error] wrong indentation: expected 10 but found 8 (indentation)
/github/workspace/conf/runner.yaml:446:13: [error] wrong indentation: expected 14 but found 12 (indentation)
/github/workspace/conf/runner.yaml:456:9: [error] wrong indentation: expected 10 but found 8 (indentation)
/github/workspace/conf/runner.yaml:458:9: [error] wrong indentation: expected 10 but found 8 (indentation)
/github/workspace/conf/runner.yaml:459:13: [error] wrong indentation: expected 14 but found 12 (indentation)
/github/workspace/conf/runner.yaml:469:9: [error] wrong indentation: expected 10 but found 8 (indentation)
/github/workspace/conf/runner.yaml:473:9: [error] wrong indentation: expected 10 but found 8 (indentation)
/github/workspace/conf/runner.yaml:474:13: [error] wrong indentation: expected 14 but found 12 (indentation)
/github/workspace/conf/runner.yaml:483:9: [error] wrong indentation: expected 10 but found 8 (indentation)
/github/workspace/conf/runner.yaml:494:9: [error] wrong indentation: expected 10 but found 8 (indentation)
/github/workspace/conf/runner.yaml:495:13: [error] wrong indentation: expected 14 but found 12 (indentation)
/github/workspace/conf/runner.yaml:505:9: [error] wrong indentation: expected 10 but found 8 (indentation)
/github/workspace/conf/runner.yaml:507:9: [error] wrong indentation: expected 10 but found 8 (indentation)
/github/workspace/conf/runner.yaml:508:13: [error] wrong indentation: expected 14 but found 12 (indentation)
/github/workspace/conf/runner.yaml:518:9: [error] wrong indentation: expected 10 but found 8 (indentation)
/github/workspace/conf/runner.yaml:533:9: [error] wrong indentation: expected 10 but found 8 (indentation)
/github/workspace/conf/runner.yaml:534:13: [error] wrong indentation: expected 14 but found 12 (indentation)
/github/workspace/conf/runner.yaml:544:9: [error] wrong indentation: expected 10 but found 8 (indentation)
/github/workspace/conf/runner.yaml:547:9: [error] wrong indentation: expected 10 but found 8 (indentation)
/github/workspace/conf/runner.yaml:548:13: [error] wrong indentation: expected 14 but found 12 (indentation)
/github/workspace/conf/runner.yaml:558:9: [error] wrong indentation: expected 10 but found 8 (indentation)
/github/workspace/conf/runner.yaml:560:9: [error] wrong indentation: expected 10 but found 8 (indentation)
/github/workspace/conf/runner.yaml:561:13: [error] wrong indentation: expected 14 but found 12 (indentation)
/github/workspace/conf/runner.yaml:571:9: [error] wrong indentation: expected 10 but found 8 (indentation)
/github/workspace/conf/runner.yaml:581:9: [error] wrong indentation: expected 10 but found 8 (indentation)
/github/workspace/conf/runner.yaml:582:13: [error] wrong indentation: expected 14 but found 12 (indentation)
/github/workspace/conf/runner.yaml:592:9: [error] wrong indentation: expected 10 but found 8 (indentation)
/github/workspace/conf/runner.yaml:609:9: [error] wrong indentation: expected 10 but found 8 (indentation)
/github/workspace/conf/runner.yaml:610:13: [error] wrong indentation: expected 14 but found 12 (indentation)
/github/workspace/conf/runner.yaml:620:9: [error] wrong indentation: expected 10 but found 8 (indentation)
/github/workspace/conf/runner.yaml:624:9: [error] wrong indentation: expected 10 but found 8 (indentation)
/github/workspace/conf/runner.yaml:625:13: [error] wrong indentation: expected 14 but found 12 (indentation)
/github/workspace/conf/runner.yaml:635:9: [error] wrong indentation: expected 10 but found 8 (indentation)
/github/workspace/conf/runner.yaml:642:9: [error] wrong indentation: expected 10 but found 8 (indentation)
/github/workspace/conf/runner.yaml:643:13: [error] wrong indentation: expected 14 but found 12 (indentation)
/github/workspace/conf/runner.yaml:653:9: [error] wrong indentation: expected 10 but found 8 (indentation)
/github/workspace/conf/runner.yaml:655:9: [error] wrong indentation: expected 10 but found 8 (indentation)
/github/workspace/conf/runner.yaml:656:13: [error] wrong indentation: expected 14 but found 12 (indentation)
/github/workspace/conf/runner.yaml:666:9: [error] wrong indentation: expected 10 but found 8 (indentation)
/github/workspace/conf/runner.yaml:669:9: [error] wrong indentation: expected 10 but found 8 (indentation)
/github/workspace/conf/runner.yaml:670:13: [error] wrong indentation: expected 14 but found 12 (indentation)
/github/workspace/conf/runner.yaml:680:9: [error] wrong indentation: expected 10 but found 8 (indentation)
/github/workspace/conf/runner.yaml:685:9: [error] wrong indentation: expected 10 but found 8 (indentation)
/github/workspace/conf/runner.yaml:686:13: [error] wrong indentation: expected 14 but found 12 (indentation)
/github/workspace/conf/runner.yaml:696:9: [error] wrong indentation: expected 10 but found 8 (indentation)
/github/workspace/conf/runner.yaml:700:9: [error] wrong indentation: expected 10 but found 8 (indentation)
/github/workspace/conf/runner.yaml:701:13: [error] wrong indentation: expected 14 but found 12 (indentation)
/github/workspace/conf/runner.yaml:711:9: [error] wrong indentation: expected 10 but found 8 (indentation)
/github/workspace/conf/runner.yaml:716:9: [error] wrong indentation: expected 10 but found 8 (indentation)
/github/workspace/conf/runner.yaml:717:13: [error] wrong indentation: expected 14 but found 12 (indentation)
/github/workspace/conf/runner.yaml:727:9: [error] wrong indentation: expected 10 but found 8 (indentation)
/github/workspace/conf/runner.yaml:732:9: [error] wrong indentation: expected 10 but found 8 (indentation)
/github/workspace/conf/runner.yaml:733:13: [error] wrong indentation: expected 14 but found 12 (indentation)
/github/workspace/conf/runner.yaml:744:9: [error] wrong indentation: expected 10 but found 8 (indentation)
/github/workspace/conf/runner.yaml:746:9: [error] wrong indentation: expected 10 but found 8 (indentation)
/github/workspace/conf/runner.yaml:747:13: [error] wrong indentation: expected 14 but found 12 (indentation)
/github/workspace/conf/runner.yaml:757:9: [error] wrong indentation: expected 10 but found 8 (indentation)
/github/workspace/conf/runner.yaml:759:9: [error] wrong indentation: expected 10 but found 8 (indentation)
/github/workspace/conf/runner.yaml:760:13: [error] wrong indentation: expected 14 but found 12 (indentation)
/github/workspace/conf/runner.yaml:770:9: [error] wrong indentation: expected 10 but found 8 (indentation)
/github/workspace/conf/runner.yaml:776:9: [error] wrong indentation: expected 10 but found 8 (indentation)
/github/workspace/conf/runner.yaml:777:13: [error] wrong indentation: expected 14 but found 12 (indentation)
/github/workspace/conf/runner.yaml:780:13: [error] wrong indentation: expected 14 but found 12 (indentation)
/github/workspace/conf/runner.yaml:790:9: [error] wrong indentation: expected 10 but found 8 (indentation)
/github/workspace/conf/runner.yaml:794:9: [error] wrong indentation: expected 10 but found 8 (indentation)
/github/workspace/conf/runner.yaml:795:13: [error] wrong indentation: expected 14 but found 12 (indentation)
/github/workspace/conf/runner.yaml:798:13: [error] wrong indentation: expected 14 but found 12 (indentation)
/github/workspace/conf/runner.yaml:809:9: [error] wrong indentation: expected 10 but found 8 (indentation)
/github/workspace/conf/runner.yaml:814:9: [error] wrong indentation: expected 10 but found 8 (indentation)
/github/workspace/conf/runner.yaml:815:13: [error] wrong indentation: expected 14 but found 12 (indentation)
/github/workspace/conf/runner.yaml:825:9: [error] wrong indentation: expected 10 but found 8 (indentation)
/github/workspace/conf/runner.yaml:827:9: [error] wrong indentation: expected 10 but found 8 (indentation)
/github/workspace/conf/runner.yaml:828:13: [error] wrong indentation: expected 14 but found 12 (indentation)
/github/workspace/conf/runner.yaml:838:9: [error] wrong indentation: expected 10 but found 8 (indentation)
/github/workspace/conf/runner.yaml:843:9: [error] wrong indentation: expected 10 but found 8 (indentation)
/github/workspace/conf/runner.yaml:844:13: [error] wrong indentation: expected 14 but found 12 (indentation)
/github/workspace/conf/runner.yaml:856:6: [warning] missing starting space in comment (comments)
/github/workspace/conf/runner.yaml:862:81: [error] line too long (92 > 80 characters) (line-length)
/github/workspace/kubernetes/deployment.yaml:1:1: [warning] missing document start "---" (document-start)
/github/workspace/kubernetes/deployment.yaml:18:7: [error] wrong indentation: expected 8 but found 6 (indentation)
/github/workspace/kubernetes/deployment.yaml:24:9: [error] wrong indentation: expected 10 but found 8 (indentation)
/github/workspace/kubernetes/deployment.yaml:35:3: [error] wrong indentation: expected 4 but found 2 (indentation)
/github/workspace/kubernetes/deployment.yaml:59:7: [error] wrong indentation: expected 8 but found 6 (indentation)
/github/workspace/kubernetes/deployment.yaml:72:9: [error] wrong indentation: expected 10 but found 8 (indentation)
/github/workspace/kubernetes/deployment.yaml:83:3: [error] wrong indentation: expected 4 but found 2 (indentation)
/github/workspace/kubernetes/deployment.yaml:107:7: [error] wrong indentation: expected 8 but found 6 (indentation)
/github/workspace/kubernetes/setup_db.yaml:1:1: [warning] missing document start "---" (document-start)
/github/workspace/kubernetes/setup_db.yaml:11:7: [error] wrong indentation: expected 8 but found 6 (indentation)
/github/workspace/kubernetes/setup_db.yaml:14:81: [error] line too long (162 > 80 characters) (line-length)
/github/workspace/kubernetes/setup_db.yaml:16:9: [error] wrong indentation: expected 10 but found 8 (indentation)
