/github/workspace/public/swagger.yaml:1:1: [warning] missing document start "---" (document-start)
/github/workspace/public/swagger.yaml:6:81: [error] line too long (355 > 80 characters) (line-length)
/github/workspace/public/swagger.yaml:8:81: [error] line too long (175 > 80 characters) (line-length)
/github/workspace/public/swagger.yaml:11:81: [error] line too long (177 > 80 characters) (line-length)
/github/workspace/public/swagger.yaml:13:81: [error] line too long (87 > 80 characters) (line-length)
/github/workspace/public/swagger.yaml:23:81: [error] line too long (314 > 80 characters) (line-length)
/github/workspace/public/swagger.yaml:42:81: [error] line too long (147 > 80 characters) (line-length)
/github/workspace/public/swagger.yaml:44:81: [error] line too long (81 > 80 characters) (line-length)
/github/workspace/public/swagger.yaml:51:81: [error] line too long (327 > 80 characters) (line-length)
/github/workspace/public/swagger.yaml:55:81: [error] line too long (167 > 80 characters) (line-length)
/github/workspace/public/swagger.yaml:94:81: [error] line too long (95 > 80 characters) (line-length)
/github/workspace/public/swagger.yaml:98:81: [error] line too long (93 > 80 characters) (line-length)
/github/workspace/public/swagger.yaml:105:81: [error] line too long (96 > 80 characters) (line-length)
/github/workspace/public/swagger.yaml:131:81: [error] line too long (84 > 80 characters) (line-length)
/github/workspace/public/swagger.yaml:151:81: [error] line too long (97 > 80 characters) (line-length)
/github/workspace/public/swagger.yaml:174:15: [error] wrong indentation: expected 16 but found 14 (indentation)
/github/workspace/public/swagger.yaml:175:15: [error] wrong indentation: expected 16 but found 14 (indentation)
/github/workspace/public/swagger.yaml:176:15: [error] wrong indentation: expected 16 but found 14 (indentation)
/github/workspace/public/swagger.yaml:177:15: [error] wrong indentation: expected 16 but found 14 (indentation)
/github/workspace/public/swagger.yaml:178:15: [error] wrong indentation: expected 16 but found 14 (indentation)
/github/workspace/public/swagger.yaml:178:81: [error] line too long (383 > 80 characters) (line-length)
/github/workspace/public/swagger.yaml:179:15: [error] wrong indentation: expected 16 but found 14 (indentation)
/github/workspace/public/swagger.yaml:180:15: [error] wrong indentation: expected 16 but found 14 (indentation)
/github/workspace/public/swagger.yaml:181:15: [error] wrong indentation: expected 16 but found 14 (indentation)
/github/workspace/public/swagger.yaml:182:15: [error] wrong indentation: expected 16 but found 14 (indentation)
/github/workspace/public/swagger.yaml:183:15: [error] wrong indentation: expected 16 but found 14 (indentation)
/github/workspace/public/swagger.yaml:184:15: [error] wrong indentation: expected 16 but found 14 (indentation)
/github/workspace/public/swagger.yaml:187:15: [error] wrong indentation: expected 16 but found 14 (indentation)
/github/workspace/public/swagger.yaml:190:15: [error] wrong indentation: expected 16 but found 14 (indentation)
/github/workspace/public/swagger.yaml:193:15: [error] wrong indentation: expected 16 but found 14 (indentation)
/github/workspace/public/swagger.yaml:196:15: [error] wrong indentation: expected 16 but found 14 (indentation)
/github/workspace/public/swagger.yaml:196:81: [error] line too long (97 > 80 characters) (line-length)
/github/workspace/public/swagger.yaml:198:15: [error] wrong indentation: expected 15 but found 14 (indentation)
/github/workspace/public/swagger.yaml:199:15: [error] wrong indentation: expected 16 but found 14 (indentation)
/github/workspace/public/swagger.yaml:200:15: [error] wrong indentation: expected 16 but found 14 (indentation)
/github/workspace/public/swagger.yaml:201:15: [error] wrong indentation: expected 16 but found 14 (indentation)
/github/workspace/public/swagger.yaml:202:15: [error] wrong indentation: expected 16 but found 14 (indentation)
/github/workspace/public/swagger.yaml:203:15: [error] wrong indentation: expected 16 but found 14 (indentation)
/github/workspace/public/swagger.yaml:203:81: [error] line too long (409 > 80 characters) (line-length)
/github/workspace/public/swagger.yaml:204:15: [error] wrong indentation: expected 16 but found 14 (indentation)
/github/workspace/public/swagger.yaml:205:15: [error] wrong indentation: expected 16 but found 14 (indentation)
/github/workspace/public/swagger.yaml:206:15: [error] wrong indentation: expected 16 but found 14 (indentation)
/github/workspace/public/swagger.yaml:207:15: [error] wrong indentation: expected 16 but found 14 (indentation)
/github/workspace/public/swagger.yaml:208:15: [error] wrong indentation: expected 16 but found 14 (indentation)
/github/workspace/public/swagger.yaml:209:15: [error] wrong indentation: expected 16 but found 14 (indentation)
/github/workspace/public/swagger.yaml:212:15: [error] wrong indentation: expected 16 but found 14 (indentation)
/github/workspace/public/swagger.yaml:215:15: [error] wrong indentation: expected 16 but found 14 (indentation)
/github/workspace/public/swagger.yaml:218:15: [error] wrong indentation: expected 16 but found 14 (indentation)
/github/workspace/public/swagger.yaml:221:15: [error] wrong indentation: expected 16 but found 14 (indentation)
/github/workspace/public/swagger.yaml:221:81: [error] line too long (97 > 80 characters) (line-length)
/github/workspace/public/swagger.yaml:248:81: [error] line too long (102 > 80 characters) (line-length)
/github/workspace/public/swagger.yaml:273:81: [error] line too long (378 > 80 characters) (line-length)
/github/workspace/public/swagger.yaml:291:81: [error] line too long (95 > 80 characters) (line-length)
/github/workspace/public/swagger.yaml:300:81: [error] line too long (148 > 80 characters) (line-length)
/github/workspace/public/swagger.yaml:320:81: [error] line too long (98 > 80 characters) (line-length)
/github/workspace/public/swagger.yaml:342:15: [error] wrong indentation: expected 16 but found 14 (indentation)
/github/workspace/public/swagger.yaml:343:15: [error] wrong indentation: expected 16 but found 14 (indentation)
/github/workspace/public/swagger.yaml:344:15: [error] wrong indentation: expected 16 but found 14 (indentation)
/github/workspace/public/swagger.yaml:345:15: [error] wrong indentation: expected 16 but found 14 (indentation)
/github/workspace/public/swagger.yaml:346:15: [error] wrong indentation: expected 16 but found 14 (indentation)
/github/workspace/public/swagger.yaml:347:15: [error] wrong indentation: expected 16 but found 14 (indentation)
/github/workspace/public/swagger.yaml:348:15: [error] wrong indentation: expected 16 but found 14 (indentation)
/github/workspace/public/swagger.yaml:351:15: [error] wrong indentation: expected 16 but found 14 (indentation)
/github/workspace/public/swagger.yaml:351:28: [error] too many spaces after colon (colons)
/github/workspace/public/swagger.yaml:351:81: [error] line too long (107 > 80 characters) (line-length)
/github/workspace/public/swagger.yaml:352:15: [error] wrong indentation: expected 16 but found 14 (indentation)
/github/workspace/public/swagger.yaml:352:81: [error] line too long (98 > 80 characters) (line-length)
/github/workspace/public/swagger.yaml:353:13: [error] wrong indentation: expected 14 but found 12 (indentation)
/github/workspace/public/swagger.yaml:354:13: [error] wrong indentation: expected 15 but found 12 (indentation)
/github/workspace/public/swagger.yaml:364:81: [error] line too long (104 > 80 characters) (line-length)
/github/workspace/public/swagger.yaml:365:81: [error] line too long (98 > 80 characters) (line-length)
/github/workspace/public/swagger.yaml:392:81: [error] line too long (103 > 80 characters) (line-length)
/github/workspace/public/swagger.yaml:421:81: [error] line too long (99 > 80 characters) (line-length)
/github/workspace/public/swagger.yaml:422:81: [error] line too long (94 > 80 characters) (line-length)
/github/workspace/public/swagger.yaml:431:81: [error] line too long (145 > 80 characters) (line-length)
/github/workspace/public/swagger.yaml:451:81: [error] line too long (101 > 80 characters) (line-length)
/github/workspace/public/swagger.yaml:485:81: [error] line too long (103 > 80 characters) (line-length)
/github/workspace/public/swagger.yaml:487:15: [error] wrong indentation: expected 15 but found 14 (indentation)
/github/workspace/public/swagger.yaml:500:81: [error] line too long (103 > 80 characters) (line-length)
/github/workspace/public/swagger.yaml:526:81: [error] line too long (106 > 80 characters) (line-length)
/github/workspace/public/swagger.yaml:555:23: [error] trailing spaces (trailing-spaces)
/github/workspace/public/swagger.yaml:558:81: [error] line too long (97 > 80 characters) (line-length)
/github/workspace/public/swagger.yaml:567:81: [error] line too long (138 > 80 characters) (line-length)
/github/workspace/public/swagger.yaml:587:81: [error] line too long (99 > 80 characters) (line-length)
/github/workspace/public/swagger.yaml:607:15: [error] wrong indentation: expected 12 but found 14 (indentation)
/github/workspace/public/swagger.yaml:609:17: [error] wrong indentation: expected 18 but found 16 (indentation)
/github/workspace/public/swagger.yaml:615:81: [error] line too long (104 > 80 characters) (line-length)
/github/workspace/public/swagger.yaml:623:17: [error] wrong indentation: expected 18 but found 16 (indentation)
/github/workspace/public/swagger.yaml:629:81: [error] line too long (104 > 80 characters) (line-length)
/github/workspace/public/swagger.yaml:662:81: [error] line too long (104 > 80 characters) (line-length)
/github/workspace/public/swagger.yaml:698:17: [error] wrong indentation: expected 14 but found 16 (indentation)
/github/workspace/public/swagger.yaml:705:17: [error] wrong indentation: expected 14 but found 16 (indentation)
/github/workspace/public/swagger.yaml:706:81: [error] line too long (95 > 80 characters) (line-length)
/github/workspace/public/swagger.yaml:716:81: [error] line too long (129 > 80 characters) (line-length)
/github/workspace/public/swagger.yaml:736:81: [error] line too long (100 > 80 characters) (line-length)
/github/workspace/public/swagger.yaml:756:15: [error] wrong indentation: expected 12 but found 14 (indentation)
/github/workspace/public/swagger.yaml:760:81: [error] line too long (98 > 80 characters) (line-length)
/github/workspace/public/swagger.yaml:763:81: [error] line too long (105 > 80 characters) (line-length)
/github/workspace/public/swagger.yaml:767:81: [error] line too long (101 > 80 characters) (line-length)
/github/workspace/public/swagger.yaml:769:17: [error] wrong indentation: expected 17 but found 16 (indentation)
/github/workspace/public/swagger.yaml:772:81: [error] line too long (97 > 80 characters) (line-length)
/github/workspace/public/swagger.yaml:775:81: [error] line too long (105 > 80 characters) (line-length)
/github/workspace/public/swagger.yaml:779:81: [error] line too long (104 > 80 characters) (line-length)
/github/workspace/public/swagger.yaml:807:81: [error] line too long (105 > 80 characters) (line-length)
/github/workspace/public/swagger.yaml:827:15: [error] wrong indentation: expected 12 but found 14 (indentation)
/github/workspace/public/swagger.yaml:834:81: [error] line too long (105 > 80 characters) (line-length)
/github/workspace/public/swagger.yaml:838:81: [error] line too long (101 > 80 characters) (line-length)
